{"/Users/alastairchau/projects/week_7_javascript_web_apps/notes-app/notesModel.js": {"path":"/Users/alastairchau/projects/week_7_javascript_web_apps/notes-app/notesModel.js","statementMap":{"0":{"start":{"line":3,"column":4},"end":{"line":3,"column":20}},"1":{"start":{"line":7,"column":4},"end":{"line":7,"column":22}},"2":{"start":{"line":11,"column":4},"end":{"line":11,"column":26}},"3":{"start":{"line":15,"column":4},"end":{"line":15,"column":20}},"4":{"start":{"line":20,"column":0},"end":{"line":20,"column":28}}},"fnMap":{"0":{"name":"(anonymous_0)","decl":{"start":{"line":2,"column":2},"end":{"line":2,"column":3}},"loc":{"start":{"line":2,"column":16},"end":{"line":4,"column":3}},"line":2},"1":{"name":"(anonymous_1)","decl":{"start":{"line":6,"column":2},"end":{"line":6,"column":3}},"loc":{"start":{"line":6,"column":13},"end":{"line":8,"column":3}},"line":6},"2":{"name":"(anonymous_2)","decl":{"start":{"line":10,"column":2},"end":{"line":10,"column":3}},"loc":{"start":{"line":10,"column":16},"end":{"line":12,"column":3}},"line":10},"3":{"name":"(anonymous_3)","decl":{"start":{"line":14,"column":2},"end":{"line":14,"column":3}},"loc":{"start":{"line":14,"column":10},"end":{"line":16,"column":3}},"line":14}},"branchMap":{},"s":{"0":4,"1":4,"2":3,"3":1,"4":2},"f":{"0":4,"1":4,"2":3,"3":1},"b":{},"_coverageSchema":"1a1c01bbd47fc00a2c39e90264f33305004495a9","hash":"b1ed26e0b1d9b219ad02ce6de9d89a8c1fa5b018"}
,"/Users/alastairchau/projects/week_7_javascript_web_apps/notes-app/notesView.js": {"path":"/Users/alastairchau/projects/week_7_javascript_web_apps/notes-app/notesView.js","statementMap":{"0":{"start":{"line":4,"column":4},"end":{"line":4,"column":23}},"1":{"start":{"line":5,"column":4},"end":{"line":5,"column":69}},"2":{"start":{"line":7,"column":4},"end":{"line":10,"column":7}},"3":{"start":{"line":8,"column":22},"end":{"line":8,"column":69}},"4":{"start":{"line":9,"column":6},"end":{"line":9,"column":31}},"5":{"start":{"line":14,"column":4},"end":{"line":14,"column":32}},"6":{"start":{"line":15,"column":4},"end":{"line":15,"column":24}},"7":{"start":{"line":20,"column":18},"end":{"line":20,"column":39}},"8":{"start":{"line":26,"column":4},"end":{"line":31,"column":7}},"9":{"start":{"line":27,"column":26},"end":{"line":27,"column":55}},"10":{"start":{"line":28,"column":6},"end":{"line":28,"column":37}},"11":{"start":{"line":29,"column":6},"end":{"line":29,"column":37}},"12":{"start":{"line":30,"column":6},"end":{"line":30,"column":47}},"13":{"start":{"line":35,"column":0},"end":{"line":35,"column":27}}},"fnMap":{"0":{"name":"(anonymous_0)","decl":{"start":{"line":3,"column":2},"end":{"line":3,"column":3}},"loc":{"start":{"line":3,"column":21},"end":{"line":11,"column":3}},"line":3},"1":{"name":"(anonymous_1)","decl":{"start":{"line":7,"column":73},"end":{"line":7,"column":74}},"loc":{"start":{"line":7,"column":79},"end":{"line":10,"column":5}},"line":7},"2":{"name":"(anonymous_2)","decl":{"start":{"line":13,"column":2},"end":{"line":13,"column":3}},"loc":{"start":{"line":13,"column":22},"end":{"line":16,"column":3}},"line":13},"3":{"name":"(anonymous_3)","decl":{"start":{"line":19,"column":2},"end":{"line":19,"column":3}},"loc":{"start":{"line":19,"column":17},"end":{"line":32,"column":3}},"line":19},"4":{"name":"(anonymous_4)","decl":{"start":{"line":26,"column":18},"end":{"line":26,"column":19}},"loc":{"start":{"line":26,"column":26},"end":{"line":31,"column":5}},"line":26}},"branchMap":{},"s":{"0":1,"1":1,"2":1,"3":1,"4":1,"5":1,"6":1,"7":1,"8":1,"9":1,"10":1,"11":1,"12":1,"13":1},"f":{"0":1,"1":1,"2":1,"3":1,"4":1},"b":{},"_coverageSchema":"1a1c01bbd47fc00a2c39e90264f33305004495a9","hash":"3267131fa8d9cf9e6be38522682039b4407eb9fc"}
}
